# JRE version: OpenJDK Runtime Environment (8.0_152-b01) (build 1.8.0_152-release-1024-b01)
# Java VM: OpenJDK 64-Bit Server VM (25.152-b01 mixed mode bsd-amd64 compressed oops)
Heap:
 PSYoungGen      total 414208K, used 261776K [0x00000007a0000000, 0x00000007c0000000, 0x00000007c0000000)
  eden space 325632K, 58% used [0x00000007a0000000,0x00000007ab966868,0x00000007b3e00000)
  from space 88576K, 81% used [0x00000007ba980000,0x00000007befbdb48,0x00000007c0000000)
  to   space 99328K, 0% used [0x00000007b3e00000,0x00000007b3e00000,0x00000007b9f00000)
 ParOldGen       total 258560K, used 124752K [0x0000000760000000, 0x000000076fc80000, 0x00000007a0000000)
  object space 258560K, 48% used [0x0000000760000000,0x00000007679d4280,0x000000076fc80000)
 Metaspace       used 130139K, capacity 142298K, committed 142552K, reserved 1173504K
  class space    used 16550K, capacity 19141K, committed 19200K, reserved 1048576K
GC Heap History (10 events):
Event: 21233.493 GC heap before
{Heap before GC invocations=73 (full 5):
 PSYoungGen      total 430592K, used 375297K [0x00000007a0000000, 0x00000007c0000000, 0x00000007c0000000)
  eden space 336896K, 99% used [0x00000007a0000000,0x00000007b48fcab8,0x00000007b4900000)
  from space 93696K, 40% used [0x00000007b4900000,0x00000007b6e83af0,0x00000007ba480000)
  to   space 88576K, 0% used [0x00000007ba980000,0x00000007ba980000,0x00000007c0000000)
 ParOldGen       total 258560K, used 105891K [0x0000000760000000, 0x000000076fc80000, 0x00000007a0000000)
  object space 258560K, 40% used [0x0000000760000000,0x0000000766768f88,0x000000076fc80000)
 Metaspace       used 125931K, capacity 136926K, committed 137048K, reserved 1167360K
  class space    used 15928K, capacity 18249K, committed 18304K, reserved 1048576K
Event: 21233.586 GC heap after
Heap after GC invocations=73 (full 5):
 PSYoungGen      total 417280K, used 33687K [0x00000007a0000000, 0x00000007bf300000, 0x00000007c0000000)
  eden space 342016K, 0% used [0x00000007a0000000,0x00000007a0000000,0x00000007b4e00000)
  from space 75264K, 44% used [0x00000007ba980000,0x00000007bca65c98,0x00000007bf300000)
  to   space 84480K, 0% used [0x00000007b4e00000,0x00000007b4e00000,0x00000007ba080000)
 ParOldGen       total 258560K, used 106011K [0x0000000760000000, 0x000000076fc80000, 0x00000007a0000000)
  object space 258560K, 41% used [0x0000000760000000,0x0000000766786f88,0x000000076fc80000)
 Metaspace       used 125931K, capacity 136926K, committed 137048K, reserved 1167360K
  class space    used 15928K, capacity 18249K, committed 18304K, reserved 1048576K
}
Event: 22293.505 GC heap before
{Heap before GC invocations=74 (full 5):
 PSYoungGen      total 417280K, used 375703K [0x00000007a0000000, 0x00000007bf300000, 0x00000007c0000000)
  eden space 342016K, 100% used [0x00000007a0000000,0x00000007b4e00000,0x00000007b4e00000)
  from space 75264K, 44% used [0x00000007ba980000,0x00000007bca65c98,0x00000007bf300000)
  to   space 84480K, 0% used [0x00000007b4e00000,0x00000007b4e00000,0x00000007ba080000)
 ParOldGen       total 258560K, used 106011K [0x0000000760000000, 0x000000076fc80000, 0x00000007a0000000)
  object space 258560K, 41% used [0x0000000760000000,0x0000000766786f88,0x000000076fc80000)
 Metaspace       used 127609K, capacity 139018K, committed 139096K, reserved 1169408K
  class space    used 16124K, capacity 18513K, committed 18560K, reserved 1048576K
Event: 22293.747 GC heap after
Heap after GC invocations=74 (full 5):
 PSYoungGen      total 426496K, used 40931K [0x00000007a0000000, 0x00000007bfd80000, 0x00000007c0000000)
  eden space 342016K, 0% used [0x00000007a0000000,0x00000007a0000000,0x00000007b4e00000)
  from space 84480K, 48% used [0x00000007b4e00000,0x00000007b75f8ff8,0x00000007ba080000)
  to   space 80896K, 0% used [0x00000007bae80000,0x00000007bae80000,0x00000007bfd80000)
 ParOldGen       total 258560K, used 106175K [0x0000000760000000, 0x000000076fc80000, 0x00000007a0000000)
  object space 258560K, 41% used [0x0000000760000000,0x00000007667affb8,0x000000076fc80000)
 Metaspace       used 127609K, capacity 139018K, committed 139096K, reserved 1169408K
  class space    used 16124K, capacity 18513K, committed 18560K, reserved 1048576K
}
Event: 22297.180 GC heap before
{Heap before GC invocations=75 (full 5):
 PSYoungGen      total 426496K, used 382947K [0x00000007a0000000, 0x00000007bfd80000, 0x00000007c0000000)
  eden space 342016K, 100% used [0x00000007a0000000,0x00000007b4e00000,0x00000007b4e00000)
  from space 84480K, 48% used [0x00000007b4e00000,0x00000007b75f8ff8,0x00000007ba080000)
  to   space 80896K, 0% used [0x00000007bae80000,0x00000007bae80000,0x00000007bfd80000)
 ParOldGen       total 258560K, used 106175K [0x0000000760000000, 0x000000076fc80000, 0x00000007a0000000)
  object space 258560K, 41% used [0x0000000760000000,0x00000007667affb8,0x000000076fc80000)
 Metaspace       used 127749K, capacity 139184K, committed 139352K, reserved 1169408K
  class space    used 16132K, capacity 18518K, committed 18560K, reserved 1048576K
Event: 22297.260 GC heap after
Heap after GC invocations=75 (full 5):
 PSYoungGen      total 430592K, used 37778K [0x00000007a0000000, 0x00000007bf480000, 0x00000007c0000000)
  eden space 358912K, 0% used [0x00000007a0000000,0x00000007a0000000,0x00000007b5e80000)
  from space 71680K, 52% used [0x00000007bae80000,0x00000007bd364948,0x00000007bf480000)
  to   space 76800K, 0% used [0x00000007b5e80000,0x00000007b5e80000,0x00000007ba980000)
 ParOldGen       total 258560K, used 106383K [0x0000000760000000, 0x000000076fc80000, 0x00000007a0000000)
  object space 258560K, 41% used [0x0000000760000000,0x00000007667e3ff8,0x000000076fc80000)
 Metaspace       used 127749K, capacity 139184K, committed 139352K, reserved 1169408K
  class space    used 16132K, capacity 18518K, committed 18560K, reserved 1048576K
}
Event: 22759.328 GC heap before
{Heap before GC invocations=76 (full 5):
 PSYoungGen      total 430592K, used 396291K [0x00000007a0000000, 0x00000007bf480000, 0x00000007c0000000)
  eden space 358912K, 99% used [0x00000007a0000000,0x00000007b5e1c478,0x00000007b5e80000)
  from space 71680K, 52% used [0x00000007bae80000,0x00000007bd364948,0x00000007bf480000)
  to   space 76800K, 0% used [0x00000007b5e80000,0x00000007b5e80000,0x00000007ba980000)
 ParOldGen       total 258560K, used 106383K [0x0000000760000000, 0x000000076fc80000, 0x00000007a0000000)
  object space 258560K, 41% used [0x0000000760000000,0x00000007667e3ff8,0x000000076fc80000)
 Metaspace       used 127889K, capacity 139326K, committed 139608K, reserved 1171456K
  class space    used 16133K, capacity 18519K, committed 18560K, reserved 1048576K
Event: 22760.012 GC heap after
Heap after GC invocations=76 (full 5):
 PSYoungGen      total 435712K, used 76783K [0x00000007a0000000, 0x00000007c0000000, 0x00000007c0000000)
  eden space 358912K, 0% used [0x00000007a0000000,0x00000007a0000000,0x00000007b5e80000)
  from space 76800K, 99% used [0x00000007b5e80000,0x00000007ba97bf80,0x00000007ba980000)
  to   space 88576K, 0% used [0x00000007ba980000,0x00000007ba980000,0x00000007c0000000)
 ParOldGen       total 258560K, used 124424K [0x0000000760000000, 0x000000076fc80000, 0x00000007a0000000)
  object space 258560K, 48% used [0x0000000760000000,0x0000000767982280,0x000000076fc80000)
 Metaspace       used 127889K, capacity 139326K, committed 139608K, reserved 1171456K
  class space    used 16133K, capacity 18519K, committed 18560K, reserved 1048576K
}
Event: 24258.697 GC heap before
{Heap before GC invocations=77 (full 5):
 PSYoungGen      total 435712K, used 435695K [0x00000007a0000000, 0x00000007c0000000, 0x00000007c0000000)
  eden space 358912K, 100% used [0x00000007a0000000,0x00000007b5e80000,0x00000007b5e80000)
  from space 76800K, 99% used [0x00000007b5e80000,0x00000007ba97bf80,0x00000007ba980000)
  to   space 88576K, 0% used [0x00000007ba980000,0x00000007ba980000,0x00000007c0000000)
 ParOldGen       total 258560K, used 124424K [0x0000000760000000, 0x000000076fc80000, 0x00000007a0000000)
  object space 258560K, 48% used [0x0000000760000000,0x0000000767982280,0x000000076fc80000)
 Metaspace       used 129101K, capacity 140986K, committed 141272K, reserved 1171456K
  class space    used 16371K, capacity 18858K, committed 18944K, reserved 1048576K
Event: 24259.760 GC heap after
Heap after GC invocations=77 (full 5):
 PSYoungGen      total 414208K, used 71926K [0x00000007a0000000, 0x00000007c0000000, 0x00000007c0000000)
  eden space 325632K, 0% used [0x00000007a0000000,0x00000007a0000000,0x00000007b3e00000)
  from space 88576K, 81% used [0x00000007ba980000,0x00000007befbdb48,0x00000007c0000000)
  to   space 99328K, 0% used [0x00000007b3e00000,0x00000007b3e00000,0x00000007b9f00000)
 ParOldGen       total 258560K, used 124752K [0x0000000760000000, 0x000000076fc80000, 0x00000007a0000000)
  object space 258560K, 48% used [0x0000000760000000,0x00000007679d4280,0x000000076fc80000)
 Metaspace       used 129101K, capacity 140986K, committed 141272K, reserved 1171456K
  class space    used 16371K, capacity 18858K, committed 18944K, reserved 1048576K
}

